<?xml version="1.0" encoding="UTF-8"?>
<testng-results ignored="0" total="1" passed="1" failed="0" skipped="0">
  <reporter-output>
  </reporter-output>
  <suite started-at="2021-02-02T18:42:51 EST" name="Surefire suite" finished-at="2021-02-02T18:42:59 EST" duration-ms="8258">
    <groups>
    </groups>
    <test started-at="2021-02-02T18:42:51 EST" name="Surefire test" finished-at="2021-02-02T18:42:59 EST" duration-ms="8258">
      <class name="tests.AutomationPracticeSmokeTest">
        <test-method is-config="true" signature="beforeAllTests()[pri:0, instance:tests.AutomationPracticeSmokeTest@2250b9f2]" started-at="2021-02-02T18:42:51 EST" name="beforeAllTests" finished-at="2021-02-02T18:42:51 EST" duration-ms="6" status="PASS">
          <reporter-output>
          </reporter-output>
        </test-method> <!-- beforeAllTests -->
        <test-method is-config="true" signature="setup()[pri:0, instance:tests.AutomationPracticeSmokeTest@2250b9f2]" started-at="2021-02-02T18:42:51 EST" name="setup" finished-at="2021-02-02T18:42:52 EST" duration-ms="1018" status="PASS">
          <reporter-output>
          </reporter-output>
        </test-method> <!-- setup -->
        <test-method signature="smokeTest()[pri:0, instance:tests.AutomationPracticeSmokeTest@2250b9f2]" started-at="2021-02-02T18:42:52 EST" name="smokeTest" finished-at="2021-02-02T18:42:54 EST" duration-ms="2159" status="PASS">
          <reporter-output>
          </reporter-output>
        </test-method> <!-- smokeTest -->
        <test-method is-config="true" signature="close(org.testng.ITestResult)[pri:0, instance:tests.AutomationPracticeSmokeTest@2250b9f2]" started-at="2021-02-02T18:42:54 EST" name="close" finished-at="2021-02-02T18:42:59 EST" duration-ms="5066" status="PASS">
          <params>
            <param index="0">
              <value>
                <![CDATA[[TestResult name=smokeTest status=SUCCESS method=AutomationPracticeSmokeTest.smokeTest()[pri:0, instance:tests.AutomationPracticeSmokeTest@2250b9f2] output={null}]]]>
              </value>
            </param>
          </params>
          <reporter-output>
          </reporter-output>
        </test-method> <!-- close -->
        <test-method is-config="true" signature="afterAllTests()[pri:0, instance:tests.AutomationPracticeSmokeTest@2250b9f2]" started-at="2021-02-02T18:42:59 EST" name="afterAllTests" finished-at="2021-02-02T18:42:59 EST" duration-ms="0" status="PASS">
          <reporter-output>
          </reporter-output>
        </test-method> <!-- afterAllTests -->
      </class> <!-- tests.AutomationPracticeSmokeTest -->
    </test> <!-- Surefire test -->
  </suite> <!-- Surefire suite -->
</testng-results>
